Arguments: 
  /usr/local/bin/node /usr/local/bin/yarn install

PATH: 
  /usr/local/bin:/usr/bin:/bin:/usr/sbin:/sbin

Yarn version: 
  1.9.4

Node version: 
  10.10.0

Platform: 
  darwin x64

Trace: 
  Error: http://registry.npmjs.org/node-fetch/-/node-fetch-1.6.3.tgz: Request failed "403 Forbidden"
      at ResponseError.ExtendableBuiltin (/usr/local/lib/node_modules/yarn/lib/cli.js:218:66)
      at new ResponseError (/usr/local/lib/node_modules/yarn/lib/cli.js:324:124)
      at Request.<anonymous> (/usr/local/lib/node_modules/yarn/lib/cli.js:61013:26)
      at Request.emit (events.js:182:13)
      at Request.module.exports.Request.onRequestResponse (/usr/local/lib/node_modules/yarn/lib/cli.js:138345:10)
      at ClientRequest.emit (events.js:187:15)
      at HTTPParser.parserOnIncomingClient (_http_client.js:555:21)
      at HTTPParser.parserOnHeadersComplete (_http_common.js:109:17)
      at Socket.socketOnData (_http_client.js:441:20)
      at Socket.emit (events.js:182:13)

npm manifest: 
  {
    "name": "client",
    "version": "1.0.0",
    "description": "Nuxt.js project",
    "author": "",
    "private": true,
    "scripts": {
      "dev": "nuxt",
      "build": "nuxt build",
      "start": "nuxt start",
      "generate": "nuxt generate",
      "lint": "eslint --ext .js,.vue --ignore-path .gitignore .",
      "precommit": "npm run lint"
    },
    "dependencies": {
      "bootstrap-vue": "^2.0.0-rc.11",
      "nuxt": "^1.0.0"
    },
    "devDependencies": {
      "babel-eslint": "^8.2.1",
      "eslint": "^4.15.0",
      "eslint-friendly-formatter": "^3.0.0",
      "eslint-loader": "^1.7.1",
      "eslint-plugin-vue": "^4.0.0"
    }
  }

yarn manifest: 
  No manifest

Lockfile: 
  No lockfile
